{"name": "test_when_valid_email_then_reset_password_successful", "status": "broken", "statusDetails": {"message": "selenium.common.exceptions.TimeoutException: Message: Element ('id', 'splash_sign_in') did not match the condition 'visible' within 10 seconds.", "trace": "self = <pages.landing_page.LandingPage object at 0x1032b86b0>\nmatchers = [('id', 'splash_sign_in'), ('id', 'splash_setup')], timeout = 10\ncondition = 'visible'\n\n    def wait_for_views(self, matchers, timeout=5, condition=\"visible\"):\n        elements = []\n        for matcher in matchers:\n            try:\n                wait = WebDriverWait(self.driver, timeout)\n                if condition == \"visible\":\n>                   element = wait.until(EC.visibility_of_element_located(matcher))\n\npages/base_page.py:25: \n_ _ _ _ _ _ _ _ _ _ _ _ _ _ _ _ _ _ _ _ _ _ _ _ _ _ _ _ _ _ _ _ _ _ _ _ _ _ _ _ \n\nself = <selenium.webdriver.support.wait.WebDriverWait (session=\"9a31b7d4-fac7-41a7-908c-2c7c97895077\")>\nmethod = <function visibility_of_element_located.<locals>._predicate at 0x1032c4220>\nmessage = ''\n\n    def until(self, method: Callable[[D], Union[Literal[False], T]], message: str = \"\") -> T:\n        \"\"\"Calls the method provided with the driver as an argument until the \\\n        return value does not evaluate to ``False``.\n    \n        :param method: callable(WebDriver)\n        :param message: optional message for :exc:`TimeoutException`\n        :returns: the result of the last call to `method`\n        :raises: :exc:`selenium.common.exceptions.TimeoutException` if timeout occurs\n        \"\"\"\n        screen = None\n        stacktrace = None\n    \n        end_time = time.monotonic() + self._timeout\n        while True:\n            try:\n                value = method(self._driver)\n                if value:\n                    return value\n            except self._ignored_exceptions as exc:\n                screen = getattr(exc, \"screen\", None)\n                stacktrace = getattr(exc, \"stacktrace\", None)\n            if time.monotonic() > end_time:\n                break\n            time.sleep(self._poll)\n>       raise TimeoutException(message, screen, stacktrace)\nE       selenium.common.exceptions.TimeoutException: Message: \nE       Stacktrace:\nE       NoSuchElementError: An element could not be located on the page using the given search parameters.\nE           at AndroidUiautomator2Driver.findElOrEls (/Users/vwoo/.appium/node_modules/appium-uiautomator2-driver/node_modules/appium-android-driver/lib/commands/find.ts:86:11)\nE           at processTicksAndRejections (node:internal/process/task_queues:95:5)\nE           at AndroidUiautomator2Driver.findElOrElsWithProcessing (/usr/local/lib/node_modules/appium/node_modules/@appium/base-driver/lib/basedriver/commands/find.ts:60:12)\nE           at AndroidUiautomator2Driver.findElement (/usr/local/lib/node_modules/appium/node_modules/@appium/base-driver/lib/basedriver/commands/find.ts:75:12)\n\n/opt/anaconda3/lib/python3.12/site-packages/selenium/webdriver/support/wait.py:105: TimeoutException\n\nDuring handling of the above exception, another exception occurred:\n\nself = <tests.test_sign_in.TestSignIn object at 0x10323ea50>\n\n    def test_when_valid_email_then_reset_password_successful(self):\n>       with self.landing_page.wait_for_page(10) as page:\n\ntests/test_sign_in.py:33: \n_ _ _ _ _ _ _ _ _ _ _ _ _ _ _ _ _ _ _ _ _ _ _ _ _ _ _ _ _ _ _ _ _ _ _ _ _ _ _ _ \n/opt/anaconda3/lib/python3.12/contextlib.py:137: in __enter__\n    return next(self.gen)\npages/base_page.py:16: in wait_for_page\n    self.wait_for_views(self.initial_views, timeout)\n_ _ _ _ _ _ _ _ _ _ _ _ _ _ _ _ _ _ _ _ _ _ _ _ _ _ _ _ _ _ _ _ _ _ _ _ _ _ _ _ \n\nself = <pages.landing_page.LandingPage object at 0x1032b86b0>\nmatchers = [('id', 'splash_sign_in'), ('id', 'splash_setup')], timeout = 10\ncondition = 'visible'\n\n    def wait_for_views(self, matchers, timeout=5, condition=\"visible\"):\n        elements = []\n        for matcher in matchers:\n            try:\n                wait = WebDriverWait(self.driver, timeout)\n                if condition == \"visible\":\n                    element = wait.until(EC.visibility_of_element_located(matcher))\n                elif condition == \"clickable\":\n                    element = wait.until(EC.element_to_be_clickable(matcher))\n                elif condition == \"presence\":\n                    element = wait.until(EC.presence_of_element_located(matcher))\n                else:\n                    raise ValueError(f\"Unsupported condition: {condition}\")\n                elements.append(element)\n            except TimeoutException:\n>               raise TimeoutException(\n                    f\"Element {matcher} did not match the condition '{condition}' within {timeout} seconds.\")\nE               selenium.common.exceptions.TimeoutException: Message: Element ('id', 'splash_sign_in') did not match the condition 'visible' within 10 seconds.\n\npages/base_page.py:34: TimeoutException"}, "attachments": [{"name": "screenshot_on_failure", "source": "8cff42cb-b12c-47b1-9dd4-e98cf2665444-attachment.png", "type": "image/png"}, {"name": "stdout", "source": "4e15459c-1d21-4097-975a-518ed9e59246-attachment.txt", "type": "text/plain"}], "start": 1732504894171, "stop": 1732504908743, "uuid": "464857aa-b8c6-4aa9-99f2-962e6297ad6a", "historyId": "b59d78f318a46719b521fe1dc7e084e4", "testCaseId": "b59d78f318a46719b521fe1dc7e084e4", "fullName": "tests.test_sign_in.TestSignIn#test_when_valid_email_then_reset_password_successful", "labels": [{"name": "parentSuite", "value": "tests"}, {"name": "suite", "value": "test_sign_in"}, {"name": "subSuite", "value": "TestSignIn"}, {"name": "host", "value": "Vincents-MacBook-Pro.local"}, {"name": "thread", "value": "67941-MainThread"}, {"name": "framework", "value": "pytest"}, {"name": "language", "value": "cpython3"}, {"name": "package", "value": "tests.test_sign_in"}]}